time iter num.topics num.tables likelihood gamma alpha split merge trial
    0.00 00000 0002 00031 -1136.56278 1.00000 1.00000 0 0 0
    0.00 00001 0002 00030 -1104.72263 1.00000 1.00000 0 0 0
    0.00 00002 0003 00037 -1189.95452 1.00000 1.00000 0 0 0
    0.00 00003 0002 00036 -1214.08757 1.00000 1.00000 0 0 0
    0.00 00004 0002 00039 -1282.60844 1.00000 1.00000 0 0 0
    0.00 00005 0002 00036 -1255.80668 1.00000 1.00000 0 0 0
    0.00 00006 0003 00033 -1229.18578 1.00000 1.00000 0 0 0
    0.00 00007 0002 00034 -1326.73238 1.00000 1.00000 0 0 0
    0.00 00008 0002 00033 -1294.65103 1.00000 1.00000 0 0 0
    0.00 00009 0003 00032 -1245.88774 1.00000 1.00000 0 0 0
    0.00 00010 0002 00031 -1226.82412 1.00000 1.00000 0 0 0
    0.00 00011 0002 00037 -1255.69169 1.00000 1.00000 0 0 0
    0.00 00012 0002 00034 -1267.87245 1.00000 1.00000 0 0 0
    0.00 00013 0002 00036 -1377.73917 1.00000 1.00000 0 0 0
    0.00 00014 0003 00039 -1344.08139 1.00000 1.00000 0 0 0
    0.00 00015 0003 00038 -1370.73340 1.00000 1.00000 0 0 0
    0.00 00016 0003 00034 -1271.18636 1.00000 1.00000 0 0 0
    0.00 00017 0002 00031 -1266.23958 1.00000 1.00000 0 0 0
    0.00 00018 0002 00033 -1279.14154 1.00000 1.00000 0 0 0
    0.00 00019 0002 00038 -1340.75824 1.00000 1.00000 0 0 0
    0.00 00020 0002 00032 -1302.47201 1.00000 1.00000 0 0 0
    0.00 00021 0002 00034 -1297.74467 1.00000 1.00000 0 0 0
    0.00 00022 0002 00029 -1303.08655 1.00000 1.00000 0 0 0
    0.00 00023 0002 00032 -1314.33799 1.00000 1.00000 0 0 0
    0.00 00024 0004 00032 -1297.82415 1.00000 1.00000 0 0 0
    0.00 00025 0002 00031 -1277.15022 1.00000 1.00000 0 0 0
    0.00 00026 0002 00041 -1375.01912 1.00000 1.00000 0 0 0
    0.00 00027 0003 00045 -1377.60524 1.00000 1.00000 0 0 0
    0.00 00028 0002 00036 -1303.54579 1.00000 1.00000 0 0 0
    0.00 00029 0003 00034 -1282.10326 1.00000 1.00000 0 0 0
    0.00 00030 0002 00036 -1286.05282 1.00000 1.00000 0 0 0
    0.00 00031 0002 00036 -1234.29160 1.00000 1.00000 0 0 0
    0.00 00032 0002 00034 -1229.89117 1.00000 1.00000 0 0 0
    0.00 00033 0002 00037 -1206.65019 1.00000 1.00000 0 0 0
    0.00 00034 0004 00041 -1276.99485 1.00000 1.00000 0 0 0
    0.00 00035 0002 00040 -1309.09103 1.00000 1.00000 0 0 0
    0.00 00036 0002 00042 -1265.76089 1.00000 1.00000 0 0 0
    0.00 00037 0002 00038 -1282.74830 1.00000 1.00000 0 0 0
    0.00 00038 0002 00037 -1289.46146 1.00000 1.00000 0 0 0
    0.00 00039 0002 00040 -1408.40573 1.00000 1.00000 0 0 0
    0.00 00040 0002 00038 -1405.05478 1.00000 1.00000 0 0 0
    0.00 00041 0003 00045 -1465.64747 1.00000 1.00000 0 0 0
    0.00 00042 0003 00042 -1401.30922 1.00000 1.00000 0 0 0
    0.00 00043 0002 00038 -1295.03257 1.00000 1.00000 0 0 0
    0.00 00044 0003 00041 -1275.52305 1.00000 1.00000 0 0 0
    0.00 00045 0003 00040 -1291.63398 1.00000 1.00000 0 0 0
    0.00 00046 0002 00035 -1299.62898 1.00000 1.00000 0 0 0
    0.00 00047 0002 00040 -1344.04968 1.00000 1.00000 0 0 0
    0.00 00048 0002 00034 -1294.16585 1.00000 1.00000 0 0 0
    0.00 00049 0003 00036 -1229.56265 1.00000 1.00000 0 0 0
    0.00 00050 0002 00034 -1206.85624 1.00000 1.00000 0 0 0
    0.00 00051 0002 00037 -1267.15683 1.00000 1.00000 0 0 0
    0.00 00052 0003 00031 -1231.83789 1.00000 1.00000 0 0 0
    0.00 00053 0004 00036 -1185.54099 1.00000 1.00000 0 0 0
    0.00 00054 0003 00038 -1189.55086 1.00000 1.00000 0 0 0
    0.00 00055 0004 00035 -1160.93715 1.00000 1.00000 0 0 0
    0.00 00056 0003 00040 -1161.19673 1.00000 1.00000 0 0 0
    0.00 00057 0003 00036 -1162.47439 1.00000 1.00000 0 0 0
    0.00 00058 0002 00033 -1047.35834 1.00000 1.00000 0 0 0
    0.00 00059 0003 00029 -1016.40242 1.00000 1.00000 0 0 0
    0.00 00060 0003 00029 -982.38761 1.00000 1.00000 0 0 0
    0.00 00061 0002 00031 -969.14690 1.00000 1.00000 0 0 0
    0.00 00062 0003 00031 -982.16029 1.00000 1.00000 0 0 0
    0.00 00063 0003 00032 -1057.05628 1.00000 1.00000 0 0 0
    0.00 00064 0002 00034 -1066.73997 1.00000 1.00000 0 0 0
    0.00 00065 0002 00031 -1070.06461 1.00000 1.00000 0 0 0
    0.00 00066 0003 00037 -1134.45253 1.00000 1.00000 0 0 0
    0.00 00067 0002 00035 -1105.84040 1.00000 1.00000 0 0 0
    0.00 00068 0002 00034 -1089.48905 1.00000 1.00000 0 0 0
    0.00 00069 0002 00037 -1068.30343 1.00000 1.00000 0 0 0
    0.00 00070 0002 00035 -1071.94043 1.00000 1.00000 0 0 0
    0.00 00071 0002 00032 -1036.78174 1.00000 1.00000 0 0 0
    0.00 00072 0002 00031 -1025.79156 1.00000 1.00000 0 0 0
    0.00 00073 0002 00033 -1024.21618 1.00000 1.00000 0 0 0
    0.00 00074 0003 00035 -1059.92861 1.00000 1.00000 0 0 0
    0.00 00075 0002 00034 -1055.47790 1.00000 1.00000 0 0 0
    0.00 00076 0002 00037 -1067.20462 1.00000 1.00000 0 0 0
    0.00 00077 0002 00040 -1222.43037 1.00000 1.00000 0 0 0
    0.00 00078 0003 00044 -1294.92676 1.00000 1.00000 0 0 0
    0.00 00079 0002 00040 -1261.71635 1.00000 1.00000 0 0 0
    0.00 00080 0002 00039 -1337.99855 1.00000 1.00000 0 0 0
    0.00 00081 0002 00045 -1446.59438 1.00000 1.00000 0 0 0
    0.00 00082 0002 00035 -1411.33702 1.00000 1.00000 0 0 0
    0.00 00083 0002 00041 -1422.87863 1.00000 1.00000 0 0 0
    0.00 00084 0004 00047 -1444.42754 1.00000 1.00000 0 0 0
    0.00 00085 0003 00040 -1417.11146 1.00000 1.00000 0 0 0
    0.00 00086 0002 00041 -1411.68680 1.00000 1.00000 0 0 0
    0.00 00087 0002 00042 -1387.82052 1.00000 1.00000 0 0 0
    0.00 00088 0003 00042 -1414.48061 1.00000 1.00000 0 0 0
    0.00 00089 0002 00036 -1360.17987 1.00000 1.00000 0 0 0
    0.00 00090 0002 00038 -1361.03289 1.00000 1.00000 0 0 0
    0.00 00091 0003 00037 -1354.08186 1.00000 1.00000 0 0 0
    0.00 00092 0003 00040 -1389.81767 1.00000 1.00000 0 0 0
    0.00 00093 0002 00038 -1327.96481 1.00000 1.00000 0 0 0
    0.00 00094 0002 00037 -1354.85889 1.00000 1.00000 0 0 0
    0.00 00095 0002 00039 -1411.54208 1.00000 1.00000 0 0 0
    0.00 00096 0002 00038 -1393.81271 1.00000 1.00000 0 0 0
    0.00 00097 0003 00038 -1440.33543 1.00000 1.00000 0 0 0
    0.00 00098 0005 00036 -1464.97804 1.00000 1.00000 0 0 0
    0.00 00099 0003 00035 -1440.61718 1.00000 1.00000 0 0 0
    0.00 00100 0003 00039 -1532.38730 1.00000 1.00000 0 0 0
    0.00 00101 0003 00041 -1515.47988 1.00000 1.00000 0 0 0
    0.00 00102 0003 00045 -1526.80913 1.00000 1.00000 0 0 0
    0.00 00103 0003 00049 -1580.10254 1.00000 1.00000 0 0 0
    0.00 00104 0002 00043 -1560.77929 1.00000 1.00000 0 0 0
    0.00 00105 0002 00036 -1466.07673 1.00000 1.00000 0 0 0
    0.00 00106 0002 00039 -1480.34801 1.00000 1.00000 0 0 0
    0.00 00107 0002 00039 -1534.51595 1.00000 1.00000 0 0 0
    0.00 00108 0002 00040 -1477.61218 1.00000 1.00000 0 0 0
    0.00 00109 0003 00039 -1486.94678 1.00000 1.00000 0 0 0
    0.00 00110 0004 00043 -1457.21121 1.00000 1.00000 0 0 0
    0.00 00111 0002 00046 -1517.79911 1.00000 1.00000 0 0 0
    0.00 00112 0002 00046 -1572.64154 1.00000 1.00000 0 0 0
    0.00 00113 0002 00047 -1582.77731 1.00000 1.00000 0 0 0
    0.00 00114 0002 00042 -1536.54745 1.00000 1.00000 0 0 0
    0.00 00115 0002 00041 -1502.38588 1.00000 1.00000 0 0 0
    0.00 00116 0002 00041 -1535.67437 1.00000 1.00000 0 0 0
    0.00 00117 0002 00042 -1527.56080 1.00000 1.00000 0 0 0
    0.00 00118 0002 00048 -1588.74590 1.00000 1.00000 0 0 0
    0.00 00119 0002 00047 -1593.88888 1.00000 1.00000 0 0 0
    0.00 00120 0002 00048 -1563.04509 1.00000 1.00000 0 0 0
    0.00 00121 0002 00051 -1619.61016 1.00000 1.00000 0 0 0
    0.00 00122 0002 00050 -1555.50621 1.00000 1.00000 0 0 0
    0.00 00123 0002 00042 -1425.75605 1.00000 1.00000 0 0 0
    0.00 00124 0002 00041 -1430.61862 1.00000 1.00000 0 0 0
    0.00 00125 0002 00043 -1405.07164 1.00000 1.00000 0 0 0
    0.00 00126 0003 00048 -1397.09077 1.00000 1.00000 0 0 0
    0.00 00127 0003 00049 -1476.68776 1.00000 1.00000 0 0 0
    0.00 00128 0003 00045 -1433.47466 1.00000 1.00000 0 0 0
    0.00 00129 0002 00043 -1376.52802 1.00000 1.00000 0 0 0
    0.00 00130 0003 00044 -1411.72426 1.00000 1.00000 0 0 0
    0.00 00131 0003 00042 -1434.52688 1.00000 1.00000 0 0 0
    0.00 00132 0002 00041 -1444.44668 1.00000 1.00000 0 0 0
    0.00 00133 0003 00040 -1371.20796 1.00000 1.00000 0 0 0
    0.00 00134 0004 00044 -1400.99979 1.00000 1.00000 0 0 0
    0.00 00135 0003 00047 -1454.61563 1.00000 1.00000 0 0 0
    0.00 00136 0003 00039 -1268.89943 1.00000 1.00000 0 0 0
    0.00 00137 0002 00034 -1262.33605 1.00000 1.00000 0 0 0
    0.00 00138 0003 00037 -1264.55290 1.00000 1.00000 0 0 0
    0.00 00139 0003 00037 -1350.06234 1.00000 1.00000 0 0 0
    0.00 00140 0002 00041 -1372.26891 1.00000 1.00000 0 0 0
    0.00 00141 0002 00040 -1350.24790 1.00000 1.00000 0 0 0
    0.00 00142 0002 00038 -1324.43007 1.00000 1.00000 0 0 0
    0.00 00143 0002 00037 -1370.99718 1.00000 1.00000 0 0 0
    0.00 00144 0002 00039 -1445.61795 1.00000 1.00000 0 0 0
    0.00 00145 0002 00041 -1468.96420 1.00000 1.00000 0 0 0
    0.00 00146 0002 00041 -1548.04825 1.00000 1.00000 0 0 0
    0.00 00147 0002 00044 -1545.57431 1.00000 1.00000 0 0 0
    0.00 00148 0002 00045 -1537.03017 1.00000 1.00000 0 0 0
    0.00 00149 0002 00043 -1503.06419 1.00000 1.00000 0 0 0
    0.00 00150 0002 00040 -1510.61273 1.00000 1.00000 0 0 0
    0.00 00151 0003 00034 -1428.02733 1.00000 1.00000 0 0 0
    0.00 00152 0004 00038 -1414.04264 1.00000 1.00000 0 0 0
    0.00 00153 0003 00044 -1494.51492 1.00000 1.00000 0 0 0
    0.00 00154 0002 00043 -1520.96372 1.00000 1.00000 0 0 0
    0.00 00155 0002 00051 -1506.76124 1.00000 1.00000 0 0 0
    0.00 00156 0002 00043 -1468.03096 1.00000 1.00000 0 0 0
    0.00 00157 0002 00039 -1458.24136 1.00000 1.00000 0 0 0
    0.00 00158 0002 00045 -1462.71292 1.00000 1.00000 0 0 0
    0.00 00159 0002 00040 -1385.23986 1.00000 1.00000 0 0 0
    0.00 00160 0002 00038 -1364.18276 1.00000 1.00000 0 0 0
    0.00 00161 0002 00038 -1290.60064 1.00000 1.00000 0 0 0
    0.00 00162 0003 00036 -1254.61542 1.00000 1.00000 0 0 0
    0.00 00163 0003 00035 -1232.88365 1.00000 1.00000 0 0 0
    0.00 00164 0004 00032 -1265.10136 1.00000 1.00000 0 0 0
    0.00 00165 0003 00038 -1285.48750 1.00000 1.00000 0 0 0
    0.00 00166 0003 00032 -1222.00458 1.00000 1.00000 0 0 0
    0.00 00167 0002 00034 -1241.40024 1.00000 1.00000 0 0 0
    0.00 00168 0002 00034 -1173.13513 1.00000 1.00000 0 0 0
    0.00 00169 0002 00034 -1149.72954 1.00000 1.00000 0 0 0
    0.00 00170 0002 00033 -1114.65207 1.00000 1.00000 0 0 0
    0.00 00171 0002 00032 -1141.28589 1.00000 1.00000 0 0 0
    0.00 00172 0003 00035 -1186.53339 1.00000 1.00000 0 0 0
    0.00 00173 0003 00038 -1165.81622 1.00000 1.00000 0 0 0
    0.00 00174 0002 00035 -1198.54790 1.00000 1.00000 0 0 0
    0.00 00175 0004 00038 -1181.37050 1.00000 1.00000 0 0 0
    0.00 00176 0003 00038 -1122.43155 1.00000 1.00000 0 0 0
    0.00 00177 0004 00036 -1063.83782 1.00000 1.00000 0 0 0
    0.00 00178 0004 00042 -1151.47829 1.00000 1.00000 0 0 0
    0.00 00179 0004 00038 -1134.78511 1.00000 1.00000 0 0 0
    0.00 00180 0002 00033 -1167.50687 1.00000 1.00000 0 0 0
    0.00 00181 0002 00032 -1229.22330 1.00000 1.00000 0 0 0
    0.00 00182 0002 00036 -1265.51354 1.00000 1.00000 0 0 0
    0.00 00183 0002 00033 -1303.51178 1.00000 1.00000 0 0 0
    0.00 00184 0003 00037 -1329.83163 1.00000 1.00000 0 0 0
    0.00 00185 0002 00032 -1309.48489 1.00000 1.00000 0 0 0
    0.00 00186 0002 00034 -1277.19649 1.00000 1.00000 0 0 0
    0.00 00187 0003 00037 -1329.21329 1.00000 1.00000 0 0 0
    0.00 00188 0002 00037 -1302.43530 1.00000 1.00000 0 0 0
    0.00 00189 0002 00041 -1340.07024 1.00000 1.00000 0 0 0
    0.00 00190 0003 00039 -1342.54984 1.00000 1.00000 0 0 0
    0.00 00191 0002 00044 -1325.81381 1.00000 1.00000 0 0 0
    0.00 00192 0003 00038 -1251.20310 1.00000 1.00000 0 0 0
    0.00 00193 0002 00037 -1183.67968 1.00000 1.00000 0 0 0
    0.00 00194 0002 00032 -1158.99663 1.00000 1.00000 0 0 0
    0.00 00195 0002 00033 -1195.15298 1.00000 1.00000 0 0 0
    0.00 00196 0002 00030 -1163.53612 1.00000 1.00000 0 0 0
    0.00 00197 0002 00036 -1210.15822 1.00000 1.00000 0 0 0
    0.00 00198 0002 00033 -1278.81188 1.00000 1.00000 0 0 0
    0.00 00199 0002 00035 -1385.63769 1.00000 1.00000 0 0 0
    0.00 00200 0002 00037 -1402.96546 1.00000 1.00000 0 0 0
    0.00 00201 0002 00044 -1519.16925 1.00000 1.00000 0 0 0
    0.00 00202 0002 00044 -1495.35154 1.00000 1.00000 0 0 0
    0.00 00203 0002 00039 -1439.38076 1.00000 1.00000 0 0 0
    0.00 00204 0003 00041 -1461.86925 1.00000 1.00000 0 0 0
    0.00 00205 0002 00038 -1425.45948 1.00000 1.00000 0 0 0
    0.00 00206 0005 00041 -1355.17938 1.00000 1.00000 0 0 0
    0.00 00207 0003 00041 -1319.88204 1.00000 1.00000 0 0 0
    0.00 00208 0002 00035 -1242.62595 1.00000 1.00000 0 0 0
    0.00 00209 0002 00032 -1260.19090 1.00000 1.00000 0 0 0
    0.00 00210 0003 00035 -1279.63268 1.00000 1.00000 0 0 0
    0.00 00211 0003 00043 -1376.61468 1.00000 1.00000 0 0 0
    0.00 00212 0004 00043 -1322.18142 1.00000 1.00000 0 0 0
    0.00 00213 0002 00038 -1277.38340 1.00000 1.00000 0 0 0
    0.00 00214 0003 00036 -1319.31451 1.00000 1.00000 0 0 0
    0.00 00215 0002 00039 -1418.73705 1.00000 1.00000 0 0 0
    0.00 00216 0002 00038 -1397.43009 1.00000 1.00000 0 0 0
    0.00 00217 0002 00040 -1401.60232 1.00000 1.00000 0 0 0
    0.00 00218 0003 00044 -1456.95916 1.00000 1.00000 0 0 0
    0.00 00219 0002 00042 -1415.64593 1.00000 1.00000 0 0 0
    0.00 00220 0002 00045 -1409.83234 1.00000 1.00000 0 0 0
    0.00 00221 0002 00049 -1549.33965 1.00000 1.00000 0 0 0
    0.00 00222 0003 00048 -1636.68154 1.00000 1.00000 0 0 0
    0.00 00223 0002 00049 -1630.75590 1.00000 1.00000 0 0 0
    0.00 00224 0002 00044 -1555.17022 1.00000 1.00000 0 0 0
    0.00 00225 0002 00037 -1456.93645 1.00000 1.00000 0 0 0
    0.00 00226 0003 00040 -1523.00097 1.00000 1.00000 0 0 0
    0.00 00227 0002 00044 -1566.80617 1.00000 1.00000 0 0 0
    0.00 00228 0002 00041 -1534.10050 1.00000 1.00000 0 0 0
    0.00 00229 0003 00041 -1542.19787 1.00000 1.00000 0 0 0
    0.00 00230 0002 00041 -1496.56947 1.00000 1.00000 0 0 0
    0.00 00231 0002 00043 -1438.24478 1.00000 1.00000 0 0 0
    0.00 00232 0002 00042 -1424.96310 1.00000 1.00000 0 0 0
    0.00 00233 0002 00036 -1386.12056 1.00000 1.00000 0 0 0
    0.00 00234 0002 00034 -1393.32635 1.00000 1.00000 0 0 0
    0.00 00235 0002 00041 -1535.37369 1.00000 1.00000 0 0 0
    0.00 00236 0003 00037 -1487.09676 1.00000 1.00000 0 0 0
    0.00 00237 0002 00037 -1565.36813 1.00000 1.00000 0 0 0
    0.00 00238 0002 00039 -1607.49520 1.00000 1.00000 0 0 0
    0.00 00239 0003 00042 -1639.15428 1.00000 1.00000 0 0 0
    0.00 00240 0004 00042 -1590.40403 1.00000 1.00000 0 0 0
    0.00 00241 0003 00042 -1561.84961 1.00000 1.00000 0 0 0
    0.00 00242 0004 00041 -1520.08908 1.00000 1.00000 0 0 0
    0.00 00243 0003 00041 -1568.78903 1.00000 1.00000 0 0 0
    0.00 00244 0002 00045 -1644.41755 1.00000 1.00000 0 0 0
    0.00 00245 0002 00046 -1686.70098 1.00000 1.00000 0 0 0
    0.00 00246 0002 00048 -1762.92047 1.00000 1.00000 0 0 0
    0.00 00247 0002 00053 -1762.66444 1.00000 1.00000 0 0 0
    0.00 00248 0002 00055 -1721.36146 1.00000 1.00000 0 0 0
    0.00 00249 0003 00049 -1752.12360 1.00000 1.00000 0 0 0
    0.00 00250 0003 00051 -1713.94591 1.00000 1.00000 0 0 0
    0.00 00251 0004 00048 -1672.11517 1.00000 1.00000 0 0 0
    0.00 00252 0003 00050 -1743.18267 1.00000 1.00000 0 0 0
    0.00 00253 0002 00053 -1673.61539 1.00000 1.00000 0 0 0
    0.00 00254 0003 00048 -1662.32480 1.00000 1.00000 0 0 0
    0.00 00255 0002 00052 -1675.80699 1.00000 1.00000 0 0 0
    0.00 00256 0002 00055 -1694.61199 1.00000 1.00000 0 0 0
    0.00 00257 0003 00051 -1642.76400 1.00000 1.00000 0 0 0
    0.00 00258 0002 00046 -1596.52641 1.00000 1.00000 0 0 0
    0.00 00259 0002 00048 -1621.42403 1.00000 1.00000 0 0 0
    0.00 00260 0002 00054 -1665.24962 1.00000 1.00000 0 0 0
    0.00 00261 0002 00043 -1572.86313 1.00000 1.00000 0 0 0
    0.00 00262 0002 00044 -1543.93583 1.00000 1.00000 0 0 0
    0.00 00263 0003 00047 -1634.61497 1.00000 1.00000 0 0 0
    0.00 00264 0002 00037 -1560.25852 1.00000 1.00000 0 0 0
    0.00 00265 0002 00035 -1572.62100 1.00000 1.00000 0 0 0
    0.00 00266 0002 00042 -1633.94180 1.00000 1.00000 0 0 0
    0.00 00267 0002 00042 -1610.53210 1.00000 1.00000 0 0 0
    0.00 00268 0002 00038 -1522.86457 1.00000 1.00000 0 0 0
    0.00 00269 0002 00036 -1515.99869 1.00000 1.00000 0 0 0
    0.00 00270 0003 00042 -1505.05889 1.00000 1.00000 0 0 0
    0.00 00271 0003 00042 -1545.94819 1.00000 1.00000 0 0 0
    0.00 00272 0003 00038 -1506.63096 1.00000 1.00000 0 0 0
    0.00 00273 0003 00043 -1416.37423 1.00000 1.00000 0 0 0
    0.00 00274 0002 00045 -1432.82582 1.00000 1.00000 0 0 0
    0.00 00275 0002 00041 -1414.83124 1.00000 1.00000 0 0 0
    0.00 00276 0002 00045 -1406.22625 1.00000 1.00000 0 0 0
    0.00 00277 0002 00035 -1308.53917 1.00000 1.00000 0 0 0
    0.00 00278 0002 00038 -1316.10833 1.00000 1.00000 0 0 0
    0.00 00279 0002 00042 -1368.27230 1.00000 1.00000 0 0 0
    0.00 00280 0003 00038 -1344.16493 1.00000 1.00000 0 0 0
    0.00 00281 0003 00036 -1372.03519 1.00000 1.00000 0 0 0
    0.00 00282 0003 00041 -1438.43645 1.00000 1.00000 0 0 0
    0.00 00283 0003 00043 -1464.40193 1.00000 1.00000 0 0 0
    0.00 00284 0003 00034 -1418.50184 1.00000 1.00000 0 0 0
    0.00 00285 0004 00040 -1313.16114 1.00000 1.00000 0 0 0
    0.00 00286 0004 00034 -1300.22883 1.00000 1.00000 0 0 0
    0.00 00287 0002 00032 -1291.26628 1.00000 1.00000 0 0 0
    0.00 00288 0002 00036 -1318.56606 1.00000 1.00000 0 0 0
    0.00 00289 0002 00033 -1264.96619 1.00000 1.00000 0 0 0
    0.00 00290 0003 00034 -1290.30210 1.00000 1.00000 0 0 0
    0.00 00291 0003 00036 -1273.41824 1.00000 1.00000 0 0 0
    0.00 00292 0002 00033 -1252.53644 1.00000 1.00000 0 0 0
    0.00 00293 0002 00039 -1356.32748 1.00000 1.00000 0 0 0
    0.00 00294 0003 00036 -1270.04752 1.00000 1.00000 0 0 0
    0.00 00295 0002 00034 -1284.55998 1.00000 1.00000 0 0 0
    0.00 00296 0002 00036 -1359.73075 1.00000 1.00000 0 0 0
    0.00 00297 0002 00039 -1401.19922 1.00000 1.00000 0 0 0
    0.00 00298 0002 00037 -1348.54361 1.00000 1.00000 0 0 0
    0.00 00299 0002 00033 -1295.92561 1.00000 1.00000 0 0 0
    0.00 00300 0002 00035 -1285.84785 1.00000 1.00000 0 0 0
    0.00 00301 0002 00040 -1353.80386 1.00000 1.00000 0 0 0
    0.00 00302 0003 00037 -1332.61499 1.00000 1.00000 0 0 0
    0.00 00303 0003 00032 -1269.39821 1.00000 1.00000 0 0 0
    0.00 00304 0003 00036 -1287.97741 1.00000 1.00000 0 0 0
    0.00 00305 0002 00036 -1315.37540 1.00000 1.00000 0 0 0
    0.00 00306 0002 00037 -1277.77555 1.00000 1.00000 0 0 0
    0.00 00307 0002 00036 -1340.96370 1.00000 1.00000 0 0 0
    0.00 00308 0002 00034 -1328.93708 1.00000 1.00000 0 0 0
    0.00 00309 0003 00039 -1340.40894 1.00000 1.00000 0 0 0
    0.00 00310 0002 00036 -1312.94994 1.00000 1.00000 0 0 0
    0.00 00311 0002 00039 -1352.18003 1.00000 1.00000 0 0 0
    0.00 00312 0002 00038 -1325.47665 1.00000 1.00000 0 0 0
    0.00 00313 0002 00041 -1283.54484 1.00000 1.00000 0 0 0
    0.00 00314 0002 00038 -1223.15250 1.00000 1.00000 0 0 0
    0.00 00315 0002 00033 -1179.00335 1.00000 1.00000 0 0 0
    0.00 00316 0002 00034 -1149.29405 1.00000 1.00000 0 0 0
    0.00 00317 0002 00036 -1191.71954 1.00000 1.00000 0 0 0
    0.00 00318 0002 00035 -1245.86547 1.00000 1.00000 0 0 0
    0.00 00319 0003 00041 -1251.79005 1.00000 1.00000 0 0 0
    0.00 00320 0003 00041 -1290.54990 1.00000 1.00000 0 0 0
    0.00 00321 0003 00040 -1264.97191 1.00000 1.00000 0 0 0
    0.00 00322 0002 00040 -1267.02957 1.00000 1.00000 0 0 0
    0.00 00323 0003 00037 -1312.25250 1.00000 1.00000 0 0 0
    0.00 00324 0004 00041 -1322.91596 1.00000 1.00000 0 0 0
    0.00 00325 0002 00036 -1271.71766 1.00000 1.00000 0 0 0
    0.00 00326 0002 00033 -1304.57549 1.00000 1.00000 0 0 0
    0.00 00327 0002 00036 -1322.50122 1.00000 1.00000 0 0 0
    0.00 00328 0002 00038 -1345.43206 1.00000 1.00000 0 0 0
    0.00 00329 0002 00038 -1400.42380 1.00000 1.00000 0 0 0
    0.00 00330 0004 00044 -1457.69473 1.00000 1.00000 0 0 0
    0.00 00331 0002 00043 -1399.72002 1.00000 1.00000 0 0 0
    0.00 00332 0003 00040 -1295.63263 1.00000 1.00000 0 0 0
    0.00 00333 0002 00036 -1301.09527 1.00000 1.00000 0 0 0
    0.00 00334 0002 00048 -1415.14714 1.00000 1.00000 0 0 0
    0.00 00335 0003 00046 -1461.68884 1.00000 1.00000 0 0 0
    0.00 00336 0003 00043 -1380.06060 1.00000 1.00000 0 0 0
    0.00 00337 0002 00042 -1367.74371 1.00000 1.00000 0 0 0
    0.00 00338 0002 00041 -1366.68659 1.00000 1.00000 0 0 0
    0.00 00339 0002 00042 -1368.56082 1.00000 1.00000 0 0 0
    0.00 00340 0003 00039 -1339.05629 1.00000 1.00000 0 0 0
    0.00 00341 0002 00038 -1281.67198 1.00000 1.00000 0 0 0
    0.00 00342 0002 00039 -1218.08804 1.00000 1.00000 0 0 0
    0.00 00343 0002 00041 -1293.60573 1.00000 1.00000 0 0 0
    0.00 00344 0002 00043 -1371.41319 1.00000 1.00000 0 0 0
    0.00 00345 0002 00045 -1474.01332 1.00000 1.00000 0 0 0
    0.00 00346 0002 00048 -1507.66709 1.00000 1.00000 0 0 0
    0.00 00347 0002 00043 -1445.14744 1.00000 1.00000 0 0 0
    0.00 00348 0002 00043 -1414.76573 1.00000 1.00000 0 0 0
    0.00 00349 0002 00039 -1362.54522 1.00000 1.00000 0 0 0
    0.00 00350 0002 00035 -1309.75740 1.00000 1.00000 0 0 0
    0.00 00351 0002 00033 -1312.78037 1.00000 1.00000 0 0 0
    0.00 00352 0002 00036 -1292.02433 1.00000 1.00000 0 0 0
    0.00 00353 0002 00037 -1371.72587 1.00000 1.00000 0 0 0
    0.00 00354 0003 00041 -1450.28479 1.00000 1.00000 0 0 0
    0.00 00355 0003 00041 -1409.05350 1.00000 1.00000 0 0 0
    0.00 00356 0002 00033 -1315.99756 1.00000 1.00000 0 0 0
    0.00 00357 0002 00037 -1314.13547 1.00000 1.00000 0 0 0
    0.00 00358 0002 00041 -1372.37324 1.00000 1.00000 0 0 0
    0.00 00359 0004 00042 -1430.03454 1.00000 1.00000 0 0 0
    0.00 00360 0002 00037 -1377.75170 1.00000 1.00000 0 0 0
    0.00 00361 0002 00043 -1437.54855 1.00000 1.00000 0 0 0
    0.00 00362 0002 00041 -1425.84317 1.00000 1.00000 0 0 0
    0.00 00363 0002 00043 -1378.83548 1.00000 1.00000 0 0 0
    0.00 00364 0002 00040 -1342.24622 1.00000 1.00000 0 0 0
    0.00 00365 0002 00038 -1424.02017 1.00000 1.00000 0 0 0
    0.00 00366 0002 00040 -1411.47889 1.00000 1.00000 0 0 0
    0.00 00367 0002 00043 -1500.63273 1.00000 1.00000 0 0 0
    0.00 00368 0003 00043 -1447.38028 1.00000 1.00000 0 0 0
    0.00 00369 0002 00047 -1408.59874 1.00000 1.00000 0 0 0
    0.00 00370 0003 00039 -1307.16687 1.00000 1.00000 0 0 0
    0.00 00371 0003 00039 -1324.27154 1.00000 1.00000 0 0 0
    0.00 00372 0002 00039 -1395.26192 1.00000 1.00000 0 0 0
    0.00 00373 0002 00040 -1395.00865 1.00000 1.00000 0 0 0
    0.00 00374 0002 00043 -1439.72328 1.00000 1.00000 0 0 0
    0.00 00375 0003 00040 -1433.42702 1.00000 1.00000 0 0 0
    0.00 00376 0003 00038 -1441.44081 1.00000 1.00000 0 0 0
    0.00 00377 0002 00040 -1441.48582 1.00000 1.00000 0 0 0
    0.00 00378 0002 00043 -1492.03955 1.00000 1.00000 0 0 0
    0.00 00379 0002 00037 -1397.43613 1.00000 1.00000 0 0 0
    0.00 00380 0003 00037 -1338.16581 1.00000 1.00000 0 0 0
    0.00 00381 0003 00044 -1382.75037 1.00000 1.00000 0 0 0
    0.00 00382 0004 00040 -1279.38177 1.00000 1.00000 0 0 0
    0.00 00383 0003 00037 -1308.20755 1.00000 1.00000 0 0 0
    0.00 00384 0003 00031 -1269.35791 1.00000 1.00000 0 0 0
    0.00 00385 0003 00034 -1288.12806 1.00000 1.00000 0 0 0
    0.00 00386 0002 00041 -1385.53940 1.00000 1.00000 0 0 0
    0.00 00387 0003 00039 -1375.06536 1.00000 1.00000 0 0 0
    0.00 00388 0002 00036 -1327.22466 1.00000 1.00000 0 0 0
    0.00 00389 0002 00032 -1280.10884 1.00000 1.00000 0 0 0
    0.00 00390 0002 00031 -1292.14831 1.00000 1.00000 0 0 0
    0.00 00391 0003 00034 -1318.01686 1.00000 1.00000 0 0 0
    0.00 00392 0003 00038 -1325.62895 1.00000 1.00000 0 0 0
    0.00 00393 0003 00042 -1250.68500 1.00000 1.00000 0 0 0
    0.00 00394 0004 00039 -1207.85566 1.00000 1.00000 0 0 0
    0.00 00395 0003 00032 -1182.66949 1.00000 1.00000 0 0 0
    0.00 00396 0002 00032 -1152.01124 1.00000 1.00000 0 0 0
    0.00 00397 0002 00037 -1208.40223 1.00000 1.00000 0 0 0
    0.00 00398 0003 00041 -1273.43058 1.00000 1.00000 0 0 0
    0.00 00399 0003 00039 -1316.04360 1.00000 1.00000 0 0 0
    0.00 00400 0003 00037 -1210.63363 1.00000 1.00000 0 0 0
    0.00 00401 0004 00033 -1215.26817 1.00000 1.00000 0 0 0
    0.00 00402 0004 00043 -1287.95335 1.00000 1.00000 0 0 0
    0.00 00403 0003 00042 -1243.87923 1.00000 1.00000 0 0 0
    0.00 00404 0003 00038 -1265.50335 1.00000 1.00000 0 0 0
    0.00 00405 0003 00040 -1261.14995 1.00000 1.00000 0 0 0
    0.00 00406 0003 00039 -1319.29751 1.00000 1.00000 0 0 0
    0.00 00407 0003 00043 -1358.68487 1.00000 1.00000 0 0 0
    0.00 00408 0003 00034 -1236.48133 1.00000 1.00000 0 0 0
    0.00 00409 0002 00035 -1241.47605 1.00000 1.00000 0 0 0
    1.00 00410 0003 00037 -1229.02481 1.00000 1.00000 0 0 0
    1.00 00411 0002 00041 -1294.89739 1.00000 1.00000 0 0 0
    1.00 00412 0003 00042 -1336.33017 1.00000 1.00000 0 0 0
    1.00 00413 0002 00044 -1403.47723 1.00000 1.00000 0 0 0
    1.00 00414 0002 00042 -1463.02968 1.00000 1.00000 0 0 0
    1.00 00415 0002 00036 -1410.39353 1.00000 1.00000 0 0 0
    1.00 00416 0003 00037 -1391.68553 1.00000 1.00000 0 0 0
    1.00 00417 0004 00044 -1378.95372 1.00000 1.00000 0 0 0
    1.00 00418 0003 00047 -1382.07269 1.00000 1.00000 0 0 0
    1.00 00419 0003 00046 -1409.69912 1.00000 1.00000 0 0 0
    1.00 00420 0002 00040 -1334.56072 1.00000 1.00000 0 0 0
    1.00 00421 0002 00042 -1324.33159 1.00000 1.00000 0 0 0
    1.00 00422 0002 00037 -1358.42423 1.00000 1.00000 0 0 0
    1.00 00423 0002 00039 -1383.01259 1.00000 1.00000 0 0 0
    1.00 00424 0002 00034 -1276.90274 1.00000 1.00000 0 0 0
    1.00 00425 0003 00037 -1227.01530 1.00000 1.00000 0 0 0
    1.00 00426 0003 00039 -1180.70405 1.00000 1.00000 0 0 0
    1.00 00427 0003 00038 -1200.03332 1.00000 1.00000 0 0 0
    1.00 00428 0003 00036 -1161.27635 1.00000 1.00000 0 0 0
    1.00 00429 0003 00032 -1144.07193 1.00000 1.00000 0 0 0
    1.00 00430 0002 00037 -1156.36150 1.00000 1.00000 0 0 0
    1.00 00431 0003 00035 -1156.15063 1.00000 1.00000 0 0 0
    1.00 00432 0003 00035 -1155.93149 1.00000 1.00000 0 0 0
    1.00 00433 0002 00030 -1135.67242 1.00000 1.00000 0 0 0
    1.00 00434 0002 00041 -1136.63349 1.00000 1.00000 0 0 0
    1.00 00435 0002 00033 -1103.54655 1.00000 1.00000 0 0 0
    1.00 00436 0002 00035 -1077.62239 1.00000 1.00000 0 0 0
    1.00 00437 0003 00032 -1065.99699 1.00000 1.00000 0 0 0
    1.00 00438 0003 00034 -1045.80009 1.00000 1.00000 0 0 0
    1.00 00439 0003 00032 -1065.30442 1.00000 1.00000 0 0 0
    1.00 00440 0003 00033 -1088.04887 1.00000 1.00000 0 0 0
    1.00 00441 0003 00037 -1093.94424 1.00000 1.00000 0 0 0
    1.00 00442 0003 00037 -1119.67346 1.00000 1.00000 0 0 0
    1.00 00443 0002 00030 -1062.06146 1.00000 1.00000 0 0 0
    1.00 00444 0002 00030 -1043.95905 1.00000 1.00000 0 0 0
    1.00 00445 0002 00037 -1157.42009 1.00000 1.00000 0 0 0
    1.00 00446 0002 00037 -1103.63095 1.00000 1.00000 0 0 0
    1.00 00447 0002 00035 -1129.95491 1.00000 1.00000 0 0 0
    1.00 00448 0002 00036 -1129.35965 1.00000 1.00000 0 0 0
    1.00 00449 0002 00034 -1179.25304 1.00000 1.00000 0 0 0
    1.00 00450 0002 00033 -1127.22079 1.00000 1.00000 0 0 0
    1.00 00451 0003 00031 -1115.18931 1.00000 1.00000 0 0 0
    1.00 00452 0002 00030 -1148.86275 1.00000 1.00000 0 0 0
    1.00 00453 0003 00029 -1159.52984 1.00000 1.00000 0 0 0
    1.00 00454 0002 00031 -1192.69287 1.00000 1.00000 0 0 0
    1.00 00455 0003 00035 -1206.97811 1.00000 1.00000 0 0 0
    1.00 00456 0003 00042 -1366.85428 1.00000 1.00000 0 0 0
    1.00 00457 0004 00046 -1275.60280 1.00000 1.00000 0 0 0
    1.00 00458 0004 00044 -1297.47214 1.00000 1.00000 0 0 0
    1.00 00459 0003 00040 -1243.41233 1.00000 1.00000 0 0 0
    1.00 00460 0003 00041 -1276.71313 1.00000 1.00000 0 0 0
    1.00 00461 0003 00035 -1181.44850 1.00000 1.00000 0 0 0
    1.00 00462 0002 00035 -1227.51476 1.00000 1.00000 0 0 0
    1.00 00463 0002 00042 -1317.91001 1.00000 1.00000 0 0 0
    1.00 00464 0003 00041 -1318.64419 1.00000 1.00000 0 0 0
    1.00 00465 0002 00043 -1353.32116 1.00000 1.00000 0 0 0
    1.00 00466 0002 00044 -1441.42415 1.00000 1.00000 0 0 0
    1.00 00467 0002 00041 -1470.13391 1.00000 1.00000 0 0 0
    1.00 00468 0004 00046 -1508.09876 1.00000 1.00000 0 0 0
    1.00 00469 0002 00044 -1489.53123 1.00000 1.00000 0 0 0
    1.00 00470 0002 00043 -1511.12979 1.00000 1.00000 0 0 0
    1.00 00471 0002 00046 -1539.34559 1.00000 1.00000 0 0 0
    1.00 00472 0002 00042 -1495.14799 1.00000 1.00000 0 0 0
    1.00 00473 0002 00041 -1511.24465 1.00000 1.00000 0 0 0
    1.00 00474 0002 00043 -1497.40428 1.00000 1.00000 0 0 0
    1.00 00475 0002 00047 -1536.32168 1.00000 1.00000 0 0 0
    1.00 00476 0002 00046 -1476.30552 1.00000 1.00000 0 0 0
    1.00 00477 0003 00036 -1385.87341 1.00000 1.00000 0 0 0
    1.00 00478 0002 00039 -1440.73011 1.00000 1.00000 0 0 0
    1.00 00479 0002 00038 -1421.79031 1.00000 1.00000 0 0 0
    1.00 00480 0002 00037 -1444.62915 1.00000 1.00000 0 0 0
    1.00 00481 0002 00035 -1454.10226 1.00000 1.00000 0 0 0
    1.00 00482 0002 00043 -1500.04885 1.00000 1.00000 0 0 0
    1.00 00483 0002 00038 -1507.98328 1.00000 1.00000 0 0 0
    1.00 00484 0003 00041 -1469.31200 1.00000 1.00000 0 0 0
    1.00 00485 0003 00039 -1431.94937 1.00000 1.00000 0 0 0
    1.00 00486 0002 00045 -1486.50685 1.00000 1.00000 0 0 0
    1.00 00487 0002 00034 -1431.94851 1.00000 1.00000 0 0 0
    1.00 00488 0002 00035 -1436.01562 1.00000 1.00000 0 0 0
    1.00 00489 0002 00040 -1372.38272 1.00000 1.00000 0 0 0
    1.00 00490 0002 00035 -1349.27038 1.00000 1.00000 0 0 0
    1.00 00491 0002 00035 -1345.50618 1.00000 1.00000 0 0 0
    1.00 00492 0002 00045 -1437.59553 1.00000 1.00000 0 0 0
    1.00 00493 0002 00043 -1396.77295 1.00000 1.00000 0 0 0
    1.00 00494 0002 00038 -1351.67913 1.00000 1.00000 0 0 0
    1.00 00495 0003 00040 -1359.30754 1.00000 1.00000 0 0 0
    1.00 00496 0002 00039 -1364.74818 1.00000 1.00000 0 0 0
    1.00 00497 0002 00039 -1333.50068 1.00000 1.00000 0 0 0
    1.00 00498 0002 00046 -1364.03832 1.00000 1.00000 0 0 0
    1.00 00499 0002 00041 -1370.13912 1.00000 1.00000 0 0 0
    1.00 00500 0002 00041 -1414.17764 1.00000 1.00000 0 0 0
    1.00 00501 0002 00040 -1362.71319 1.00000 1.00000 0 0 0
    1.00 00502 0003 00041 -1417.33530 1.00000 1.00000 0 0 0
    1.00 00503 0002 00037 -1420.45820 1.00000 1.00000 0 0 0
    1.00 00504 0002 00041 -1409.79578 1.00000 1.00000 0 0 0
    1.00 00505 0003 00037 -1384.47749 1.00000 1.00000 0 0 0
    1.00 00506 0002 00038 -1362.51854 1.00000 1.00000 0 0 0
    1.00 00507 0002 00038 -1355.83644 1.00000 1.00000 0 0 0
    1.00 00508 0002 00039 -1379.70611 1.00000 1.00000 0 0 0
    1.00 00509 0002 00042 -1348.05132 1.00000 1.00000 0 0 0
    1.00 00510 0002 00041 -1452.70526 1.00000 1.00000 0 0 0
    1.00 00511 0002 00039 -1407.93256 1.00000 1.00000 0 0 0
    1.00 00512 0002 00043 -1435.61361 1.00000 1.00000 0 0 0
    1.00 00513 0002 00048 -1490.58706 1.00000 1.00000 0 0 0
    1.00 00514 0002 00045 -1432.54111 1.00000 1.00000 0 0 0
    1.00 00515 0002 00041 -1431.15318 1.00000 1.00000 0 0 0
    1.00 00516 0003 00041 -1443.95729 1.00000 1.00000 0 0 0
    1.00 00517 0003 00043 -1434.75596 1.00000 1.00000 0 0 0
    1.00 00518 0005 00041 -1389.24332 1.00000 1.00000 0 0 0
    1.00 00519 0004 00036 -1313.66316 1.00000 1.00000 0 0 0
    1.00 00520 0002 00036 -1307.81787 1.00000 1.00000 0 0 0
    1.00 00521 0003 00034 -1274.92469 1.00000 1.00000 0 0 0
    1.00 00522 0003 00037 -1252.32289 1.00000 1.00000 0 0 0
    1.00 00523 0003 00038 -1296.80372 1.00000 1.00000 0 0 0
    1.00 00524 0002 00032 -1316.22573 1.00000 1.00000 0 0 0
    1.00 00525 0002 00038 -1310.63172 1.00000 1.00000 0 0 0
    1.00 00526 0002 00036 -1311.71500 1.00000 1.00000 0 0 0
    1.00 00527 0002 00039 -1311.00471 1.00000 1.00000 0 0 0
    1.00 00528 0002 00036 -1306.14469 1.00000 1.00000 0 0 0
    1.00 00529 0002 00036 -1341.05370 1.00000 1.00000 0 0 0
    1.00 00530 0002 00033 -1286.03861 1.00000 1.00000 0 0 0
    1.00 00531 0003 00033 -1278.59611 1.00000 1.00000 0 0 0
    1.00 00532 0002 00035 -1196.76004 1.00000 1.00000 0 0 0
    1.00 00533 0002 00030 -1179.43337 1.00000 1.00000 0 0 0
    1.00 00534 0002 00036 -1234.58373 1.00000 1.00000 0 0 0
    1.00 00535 0002 00040 -1345.83564 1.00000 1.00000 0 0 0
    1.00 00536 0002 00043 -1390.68945 1.00000 1.00000 0 0 0
    1.00 00537 0002 00044 -1429.92377 1.00000 1.00000 0 0 0
    1.00 00538 0002 00044 -1353.72872 1.00000 1.00000 0 0 0
    1.00 00539 0002 00044 -1340.27408 1.00000 1.00000 0 0 0
    1.00 00540 0002 00044 -1404.89691 1.00000 1.00000 0 0 0
    1.00 00541 0002 00041 -1359.50253 1.00000 1.00000 0 0 0
    1.00 00542 0002 00041 -1377.01504 1.00000 1.00000 0 0 0
    1.00 00543 0002 00036 -1325.14654 1.00000 1.00000 0 0 0
    1.00 00544 0002 00035 -1295.31194 1.00000 1.00000 0 0 0
    1.00 00545 0003 00036 -1322.37034 1.00000 1.00000 0 0 0
    1.00 00546 0006 00037 -1297.04020 1.00000 1.00000 0 0 0
    1.00 00547 0004 00034 -1270.57338 1.00000 1.00000 0 0 0
    1.00 00548 0003 00030 -1239.04880 1.00000 1.00000 0 0 0
    1.00 00549 0002 00035 -1272.94700 1.00000 1.00000 0 0 0
    1.00 00550 0002 00035 -1297.29483 1.00000 1.00000 0 0 0
    1.00 00551 0002 00030 -1231.77070 1.00000 1.00000 0 0 0
    1.00 00552 0002 00028 -1262.98488 1.00000 1.00000 0 0 0
    1.00 00553 0003 00037 -1261.47791 1.00000 1.00000 0 0 0
    1.00 00554 0002 00037 -1301.33772 1.00000 1.00000 0 0 0
    1.00 00555 0002 00040 -1353.39794 1.00000 1.00000 0 0 0
    1.00 00556 0002 00035 -1381.00407 1.00000 1.00000 0 0 0
    1.00 00557 0002 00043 -1403.66989 1.00000 1.00000 0 0 0
    1.00 00558 0002 00045 -1416.71762 1.00000 1.00000 0 0 0
    1.00 00559 0002 00038 -1373.49885 1.00000 1.00000 0 0 0
    1.00 00560 0002 00035 -1363.61935 1.00000 1.00000 0 0 0
    1.00 00561 0002 00037 -1418.79655 1.00000 1.00000 0 0 0
    1.00 00562 0002 00039 -1425.00685 1.00000 1.00000 0 0 0
    1.00 00563 0002 00036 -1443.82402 1.00000 1.00000 0 0 0
    1.00 00564 0002 00036 -1432.89492 1.00000 1.00000 0 0 0
    1.00 00565 0002 00036 -1421.33693 1.00000 1.00000 0 0 0
    1.00 00566 0002 00039 -1400.99106 1.00000 1.00000 0 0 0
    1.00 00567 0003 00043 -1430.42530 1.00000 1.00000 0 0 0
    1.00 00568 0003 00040 -1478.52996 1.00000 1.00000 0 0 0
    1.00 00569 0002 00039 -1413.13550 1.00000 1.00000 0 0 0
    1.00 00570 0002 00041 -1459.20683 1.00000 1.00000 0 0 0
    1.00 00571 0003 00042 -1435.05453 1.00000 1.00000 0 0 0
    1.00 00572 0002 00037 -1374.01559 1.00000 1.00000 0 0 0
    1.00 00573 0002 00039 -1387.26557 1.00000 1.00000 0 0 0
    1.00 00574 0002 00035 -1366.90485 1.00000 1.00000 0 0 0
    1.00 00575 0002 00040 -1368.82540 1.00000 1.00000 0 0 0
    1.00 00576 0004 00041 -1244.52594 1.00000 1.00000 0 0 0
    1.00 00577 0002 00041 -1275.42970 1.00000 1.00000 0 0 0
    1.00 00578 0003 00048 -1351.39735 1.00000 1.00000 0 0 0
    1.00 00579 0002 00045 -1364.47714 1.00000 1.00000 0 0 0
    1.00 00580 0002 00036 -1342.94278 1.00000 1.00000 0 0 0
    1.00 00581 0002 00044 -1386.09586 1.00000 1.00000 0 0 0
    1.00 00582 0003 00039 -1380.49899 1.00000 1.00000 0 0 0
    1.00 00583 0002 00039 -1375.53585 1.00000 1.00000 0 0 0
    1.00 00584 0002 00039 -1387.41713 1.00000 1.00000 0 0 0
    1.00 00585 0002 00035 -1393.06726 1.00000 1.00000 0 0 0
    1.00 00586 0002 00039 -1333.84765 1.00000 1.00000 0 0 0
    1.00 00587 0002 00039 -1382.63481 1.00000 1.00000 0 0 0
    1.00 00588 0002 00045 -1429.32224 1.00000 1.00000 0 0 0
    1.00 00589 0002 00044 -1499.79969 1.00000 1.00000 0 0 0
    1.00 00590 0002 00042 -1514.16353 1.00000 1.00000 0 0 0
    1.00 00591 0003 00043 -1532.40871 1.00000 1.00000 0 0 0
    1.00 00592 0002 00044 -1537.26644 1.00000 1.00000 0 0 0
    1.00 00593 0002 00040 -1534.37676 1.00000 1.00000 0 0 0
    1.00 00594 0003 00041 -1512.32660 1.00000 1.00000 0 0 0
    1.00 00595 0003 00046 -1597.88722 1.00000 1.00000 0 0 0
    1.00 00596 0003 00047 -1556.08285 1.00000 1.00000 0 0 0
    1.00 00597 0003 00043 -1573.20562 1.00000 1.00000 0 0 0
    1.00 00598 0003 00046 -1589.01398 1.00000 1.00000 0 0 0
    1.00 00599 0002 00045 -1520.38208 1.00000 1.00000 0 0 0
    1.00 00600 0002 00043 -1512.09270 1.00000 1.00000 0 0 0
    1.00 00601 0002 00041 -1467.58973 1.00000 1.00000 0 0 0
    1.00 00602 0002 00042 -1588.63114 1.00000 1.00000 0 0 0
    1.00 00603 0002 00037 -1542.85871 1.00000 1.00000 0 0 0
    1.00 00604 0003 00038 -1488.83606 1.00000 1.00000 0 0 0
    1.00 00605 0002 00040 -1450.80469 1.00000 1.00000 0 0 0
    1.00 00606 0002 00043 -1501.61897 1.00000 1.00000 0 0 0
    1.00 00607 0002 00039 -1571.60654 1.00000 1.00000 0 0 0
    1.00 00608 0002 00040 -1596.13486 1.00000 1.00000 0 0 0
    1.00 00609 0002 00040 -1563.50564 1.00000 1.00000 0 0 0
    1.00 00610 0002 00042 -1524.48616 1.00000 1.00000 0 0 0
    1.00 00611 0003 00040 -1404.63995 1.00000 1.00000 0 0 0
    1.00 00612 0003 00035 -1320.69193 1.00000 1.00000 0 0 0
    1.00 00613 0005 00037 -1297.44556 1.00000 1.00000 0 0 0
    1.00 00614 0004 00040 -1358.37516 1.00000 1.00000 0 0 0
    1.00 00615 0006 00039 -1401.88260 1.00000 1.00000 0 0 0
    1.00 00616 0003 00042 -1420.49078 1.00000 1.00000 0 0 0
    1.00 00617 0003 00036 -1395.57178 1.00000 1.00000 0 0 0
    1.00 00618 0003 00037 -1385.21005 1.00000 1.00000 0 0 0
    1.00 00619 0003 00035 -1376.08051 1.00000 1.00000 0 0 0
    1.00 00620 0003 00038 -1382.06082 1.00000 1.00000 0 0 0
    1.00 00621 0004 00039 -1372.55997 1.00000 1.00000 0 0 0
    1.00 00622 0002 00040 -1406.61684 1.00000 1.00000 0 0 0
    1.00 00623 0002 00038 -1489.40248 1.00000 1.00000 0 0 0
    1.00 00624 0002 00041 -1543.05463 1.00000 1.00000 0 0 0
    1.00 00625 0003 00037 -1571.35088 1.00000 1.00000 0 0 0
    1.00 00626 0003 00038 -1559.62176 1.00000 1.00000 0 0 0
    1.00 00627 0003 00044 -1626.09285 1.00000 1.00000 0 0 0
    1.00 00628 0003 00043 -1667.21044 1.00000 1.00000 0 0 0
    1.00 00629 0002 00040 -1610.05704 1.00000 1.00000 0 0 0
    1.00 00630 0002 00043 -1621.39551 1.00000 1.00000 0 0 0
    1.00 00631 0002 00041 -1614.68268 1.00000 1.00000 0 0 0
    1.00 00632 0003 00042 -1619.61365 1.00000 1.00000 0 0 0
    1.00 00633 0002 00043 -1589.30161 1.00000 1.00000 0 0 0
    1.00 00634 0002 00038 -1525.91664 1.00000 1.00000 0 0 0
    1.00 00635 0002 00035 -1497.26761 1.00000 1.00000 0 0 0
    1.00 00636 0002 00034 -1427.63505 1.00000 1.00000 0 0 0
    1.00 00637 0002 00037 -1437.51412 1.00000 1.00000 0 0 0
    1.00 00638 0002 00034 -1436.31368 1.00000 1.00000 0 0 0
    1.00 00639 0002 00040 -1469.86338 1.00000 1.00000 0 0 0
    1.00 00640 0002 00036 -1385.60953 1.00000 1.00000 0 0 0
    1.00 00641 0002 00041 -1446.30924 1.00000 1.00000 0 0 0
    1.00 00642 0003 00037 -1326.09962 1.00000 1.00000 0 0 0
    1.00 00643 0003 00035 -1279.01348 1.00000 1.00000 0 0 0
    1.00 00644 0006 00042 -1271.75865 1.00000 1.00000 0 0 0
    1.00 00645 0003 00040 -1292.95891 1.00000 1.00000 0 0 0
    1.00 00646 0003 00042 -1261.27217 1.00000 1.00000 0 0 0
    1.00 00647 0002 00036 -1237.95746 1.00000 1.00000 0 0 0
    1.00 00648 0002 00038 -1287.61317 1.00000 1.00000 0 0 0
    1.00 00649 0002 00040 -1367.90417 1.00000 1.00000 0 0 0
    1.00 00650 0002 00041 -1412.71707 1.00000 1.00000 0 0 0
    1.00 00651 0002 00047 -1489.98498 1.00000 1.00000 0 0 0
    1.00 00652 0003 00044 -1443.13436 1.00000 1.00000 0 0 0
    1.00 00653 0002 00047 -1519.69500 1.00000 1.00000 0 0 0
    1.00 00654 0003 00046 -1494.13061 1.00000 1.00000 0 0 0
    1.00 00655 0004 00052 -1518.80913 1.00000 1.00000 0 0 0
    1.00 00656 0002 00044 -1535.92266 1.00000 1.00000 0 0 0
    1.00 00657 0003 00044 -1492.12944 1.00000 1.00000 0 0 0
    1.00 00658 0002 00044 -1440.77087 1.00000 1.00000 0 0 0
    1.00 00659 0002 00046 -1547.76657 1.00000 1.00000 0 0 0
    1.00 00660 0002 00040 -1491.75476 1.00000 1.00000 0 0 0
    1.00 00661 0003 00045 -1509.60203 1.00000 1.00000 0 0 0
    1.00 00662 0003 00045 -1499.73243 1.00000 1.00000 0 0 0
    1.00 00663 0003 00039 -1425.46358 1.00000 1.00000 0 0 0
    1.00 00664 0002 00034 -1378.58181 1.00000 1.00000 0 0 0
    1.00 00665 0003 00035 -1384.04099 1.00000 1.00000 0 0 0
    1.00 00666 0003 00039 -1555.25849 1.00000 1.00000 0 0 0
    1.00 00667 0002 00039 -1565.66297 1.00000 1.00000 0 0 0
    1.00 00668 0002 00042 -1568.07995 1.00000 1.00000 0 0 0
    1.00 00669 0003 00044 -1580.64679 1.00000 1.00000 0 0 0
    1.00 00670 0003 00050 -1635.17345 1.00000 1.00000 0 0 0
    1.00 00671 0002 00046 -1547.62843 1.00000 1.00000 0 0 0
    1.00 00672 0003 00042 -1451.38312 1.00000 1.00000 0 0 0
    1.00 00673 0002 00046 -1427.56656 1.00000 1.00000 0 0 0
    1.00 00674 0002 00039 -1363.84745 1.00000 1.00000 0 0 0
    1.00 00675 0002 00038 -1392.42157 1.00000 1.00000 0 0 0
    1.00 00676 0002 00042 -1453.62555 1.00000 1.00000 0 0 0
    1.00 00677 0002 00033 -1469.88708 1.00000 1.00000 0 0 0
    1.00 00678 0002 00036 -1485.47392 1.00000 1.00000 0 0 0
    1.00 00679 0002 00033 -1453.77885 1.00000 1.00000 0 0 0
    1.00 00680 0002 00033 -1427.96372 1.00000 1.00000 0 0 0
    1.00 00681 0002 00033 -1421.74045 1.00000 1.00000 0 0 0
    1.00 00682 0003 00041 -1473.49830 1.00000 1.00000 0 0 0
    1.00 00683 0003 00038 -1474.58411 1.00000 1.00000 0 0 0
    1.00 00684 0003 00040 -1490.45835 1.00000 1.00000 0 0 0
    1.00 00685 0003 00039 -1490.46602 1.00000 1.00000 0 0 0
    1.00 00686 0003 00040 -1492.85669 1.00000 1.00000 0 0 0
    1.00 00687 0002 00039 -1477.96484 1.00000 1.00000 0 0 0
    1.00 00688 0002 00042 -1469.89230 1.00000 1.00000 0 0 0
    1.00 00689 0002 00037 -1403.90901 1.00000 1.00000 0 0 0
    1.00 00690 0002 00032 -1390.33535 1.00000 1.00000 0 0 0
    1.00 00691 0003 00038 -1436.02595 1.00000 1.00000 0 0 0
    1.00 00692 0003 00040 -1490.51357 1.00000 1.00000 0 0 0
    1.00 00693 0003 00044 -1547.54611 1.00000 1.00000 0 0 0
    1.00 00694 0002 00042 -1541.03338 1.00000 1.00000 0 0 0
    1.00 00695 0002 00044 -1556.13712 1.00000 1.00000 0 0 0
    1.00 00696 0003 00041 -1565.76821 1.00000 1.00000 0 0 0
    1.00 00697 0002 00039 -1562.18931 1.00000 1.00000 0 0 0
    1.00 00698 0002 00044 -1547.24323 1.00000 1.00000 0 0 0
    1.00 00699 0002 00039 -1532.78553 1.00000 1.00000 0 0 0
    1.00 00700 0002 00044 -1525.63393 1.00000 1.00000 0 0 0
    1.00 00701 0002 00047 -1542.85875 1.00000 1.00000 0 0 0
    1.00 00702 0002 00047 -1564.12683 1.00000 1.00000 0 0 0
    1.00 00703 0004 00049 -1629.02959 1.00000 1.00000 0 0 0
    1.00 00704 0003 00055 -1640.89053 1.00000 1.00000 0 0 0
    1.00 00705 0002 00049 -1578.35311 1.00000 1.00000 0 0 0
    1.00 00706 0002 00039 -1492.76375 1.00000 1.00000 0 0 0
    1.00 00707 0003 00041 -1474.79597 1.00000 1.00000 0 0 0
    1.00 00708 0002 00041 -1443.58597 1.00000 1.00000 0 0 0
    1.00 00709 0002 00042 -1443.80794 1.00000 1.00000 0 0 0
    1.00 00710 0003 00042 -1488.48088 1.00000 1.00000 0 0 0
    1.00 00711 0002 00044 -1552.95174 1.00000 1.00000 0 0 0
    1.00 00712 0002 00038 -1567.72333 1.00000 1.00000 0 0 0
    1.00 00713 0002 00040 -1562.59642 1.00000 1.00000 0 0 0
    1.00 00714 0002 00044 -1624.62981 1.00000 1.00000 0 0 0
    1.00 00715 0002 00047 -1647.94449 1.00000 1.00000 0 0 0
    1.00 00716 0002 00046 -1674.15581 1.00000 1.00000 0 0 0
    1.00 00717 0002 00053 -1701.08236 1.00000 1.00000 0 0 0
    1.00 00718 0002 00051 -1736.60106 1.00000 1.00000 0 0 0
    1.00 00719 0002 00050 -1690.70931 1.00000 1.00000 0 0 0
    1.00 00720 0003 00055 -1777.94024 1.00000 1.00000 0 0 0
    1.00 00721 0002 00057 -1862.78418 1.00000 1.00000 0 0 0
    1.00 00722 0002 00056 -1888.34314 1.00000 1.00000 0 0 0
    1.00 00723 0002 00054 -1787.10157 1.00000 1.00000 0 0 0
    1.00 00724 0004 00058 -1744.48519 1.00000 1.00000 0 0 0
    1.00 00725 0003 00051 -1687.28967 1.00000 1.00000 0 0 0
    1.00 00726 0003 00049 -1692.50306 1.00000 1.00000 0 0 0
    1.00 00727 0003 00045 -1662.22083 1.00000 1.00000 0 0 0
    1.00 00728 0003 00048 -1598.18690 1.00000 1.00000 0 0 0
    1.00 00729 0003 00043 -1519.18616 1.00000 1.00000 0 0 0
    1.00 00730 0003 00036 -1490.56919 1.00000 1.00000 0 0 0
    1.00 00731 0002 00039 -1533.35718 1.00000 1.00000 0 0 0
    1.00 00732 0003 00037 -1508.14941 1.00000 1.00000 0 0 0
    1.00 00733 0002 00039 -1544.76944 1.00000 1.00000 0 0 0
    1.00 00734 0004 00048 -1572.19374 1.00000 1.00000 0 0 0
    1.00 00735 0003 00043 -1567.19510 1.00000 1.00000 0 0 0
    1.00 00736 0003 00045 -1586.05319 1.00000 1.00000 0 0 0
    1.00 00737 0002 00041 -1623.04784 1.00000 1.00000 0 0 0
    1.00 00738 0002 00041 -1625.76646 1.00000 1.00000 0 0 0
    1.00 00739 0002 00042 -1573.06306 1.00000 1.00000 0 0 0
    1.00 00740 0002 00041 -1543.30660 1.00000 1.00000 0 0 0
    1.00 00741 0002 00044 -1596.77226 1.00000 1.00000 0 0 0
    1.00 00742 0002 00046 -1612.09164 1.00000 1.00000 0 0 0
    1.00 00743 0002 00047 -1652.55371 1.00000 1.00000 0 0 0
    1.00 00744 0002 00044 -1639.21090 1.00000 1.00000 0 0 0
    1.00 00745 0002 00042 -1582.17612 1.00000 1.00000 0 0 0
    1.00 00746 0002 00047 -1626.47138 1.00000 1.00000 0 0 0
    1.00 00747 0003 00042 -1678.08440 1.00000 1.00000 0 0 0
    1.00 00748 0003 00047 -1709.64884 1.00000 1.00000 0 0 0
    1.00 00749 0002 00043 -1699.29605 1.00000 1.00000 0 0 0
    1.00 00750 0003 00046 -1710.23387 1.00000 1.00000 0 0 0
    1.00 00751 0002 00046 -1650.47835 1.00000 1.00000 0 0 0
    1.00 00752 0002 00050 -1645.23948 1.00000 1.00000 0 0 0
    1.00 00753 0002 00050 -1594.60717 1.00000 1.00000 0 0 0
    1.00 00754 0002 00048 -1623.17221 1.00000 1.00000 0 0 0
    1.00 00755 0002 00044 -1558.29594 1.00000 1.00000 0 0 0
    1.00 00756 0002 00041 -1474.54263 1.00000 1.00000 0 0 0
    1.00 00757 0002 00037 -1389.52068 1.00000 1.00000 0 0 0
    1.00 00758 0002 00039 -1390.83838 1.00000 1.00000 0 0 0
    1.00 00759 0002 00039 -1396.96139 1.00000 1.00000 0 0 0
    1.00 00760 0003 00042 -1385.69048 1.00000 1.00000 0 0 0
    1.00 00761 0003 00039 -1351.39573 1.00000 1.00000 0 0 0
    1.00 00762 0002 00035 -1307.86270 1.00000 1.00000 0 0 0
    1.00 00763 0003 00036 -1257.24607 1.00000 1.00000 0 0 0
    1.00 00764 0003 00035 -1227.67911 1.00000 1.00000 0 0 0
    1.00 00765 0002 00026 -1154.95450 1.00000 1.00000 0 0 0
    1.00 00766 0002 00038 -1218.98699 1.00000 1.00000 0 0 0
    1.00 00767 0002 00034 -1232.93387 1.00000 1.00000 0 0 0
    1.00 00768 0002 00033 -1232.64681 1.00000 1.00000 0 0 0
    1.00 00769 0002 00034 -1217.30838 1.00000 1.00000 0 0 0
    1.00 00770 0002 00035 -1267.53727 1.00000 1.00000 0 0 0
    1.00 00771 0002 00034 -1203.30736 1.00000 1.00000 0 0 0
    1.00 00772 0003 00032 -1180.23960 1.00000 1.00000 0 0 0
    1.00 00773 0002 00033 -1134.52535 1.00000 1.00000 0 0 0
    1.00 00774 0002 00038 -1190.41425 1.00000 1.00000 0 0 0
    1.00 00775 0002 00033 -1112.21500 1.00000 1.00000 0 0 0
    1.00 00776 0004 00037 -1188.63591 1.00000 1.00000 0 0 0
    1.00 00777 0005 00037 -1141.93402 1.00000 1.00000 0 0 0
    1.00 00778 0004 00032 -1148.40472 1.00000 1.00000 0 0 0
    1.00 00779 0004 00044 -1262.39809 1.00000 1.00000 0 0 0
    1.00 00780 0003 00039 -1255.99855 1.00000 1.00000 0 0 0
    1.00 00781 0002 00035 -1219.09352 1.00000 1.00000 0 0 0
    1.00 00782 0002 00034 -1174.60140 1.00000 1.00000 0 0 0
    1.00 00783 0002 00038 -1232.96849 1.00000 1.00000 0 0 0
    1.00 00784 0002 00034 -1249.90840 1.00000 1.00000 0 0 0
    1.00 00785 0002 00041 -1195.15775 1.00000 1.00000 0 0 0
    1.00 00786 0002 00041 -1186.15644 1.00000 1.00000 0 0 0
    1.00 00787 0002 00037 -1117.30779 1.00000 1.00000 0 0 0
    1.00 00788 0002 00029 -1113.02152 1.00000 1.00000 0 0 0
    1.00 00789 0002 00035 -1147.40858 1.00000 1.00000 0 0 0
    1.00 00790 0003 00038 -1268.18338 1.00000 1.00000 0 0 0
    1.00 00791 0002 00040 -1351.24438 1.00000 1.00000 0 0 0
    1.00 00792 0002 00038 -1313.99159 1.00000 1.00000 0 0 0
    1.00 00793 0003 00039 -1349.77850 1.00000 1.00000 0 0 0
    1.00 00794 0002 00037 -1371.50829 1.00000 1.00000 0 0 0
    1.00 00795 0002 00041 -1419.18744 1.00000 1.00000 0 0 0
    1.00 00796 0002 00039 -1362.75599 1.00000 1.00000 0 0 0
    1.00 00797 0002 00034 -1377.01419 1.00000 1.00000 0 0 0
    1.00 00798 0003 00040 -1341.26967 1.00000 1.00000 0 0 0
    1.00 00799 0003 00039 -1328.99442 1.00000 1.00000 0 0 0
    1.00 00800 0002 00039 -1312.76198 1.00000 1.00000 0 0 0
    1.00 00801 0002 00033 -1345.13935 1.00000 1.00000 0 0 0
    1.00 00802 0002 00038 -1312.24460 1.00000 1.00000 0 0 0
    1.00 00803 0002 00040 -1268.23945 1.00000 1.00000 0 0 0
    1.00 00804 0002 00037 -1281.86111 1.00000 1.00000 0 0 0
    1.00 00805 0002 00043 -1312.09319 1.00000 1.00000 0 0 0
    1.00 00806 0002 00043 -1330.11352 1.00000 1.00000 0 0 0
    1.00 00807 0002 00037 -1263.29763 1.00000 1.00000 0 0 0
    1.00 00808 0002 00035 -1193.60352 1.00000 1.00000 0 0 0
    1.00 00809 0002 00037 -1211.65915 1.00000 1.00000 0 0 0
    1.00 00810 0002 00037 -1156.27929 1.00000 1.00000 0 0 0
    1.00 00811 0002 00031 -1118.98170 1.00000 1.00000 0 0 0
    1.00 00812 0002 00030 -1144.04728 1.00000 1.00000 0 0 0
    1.00 00813 0002 00035 -1141.80172 1.00000 1.00000 0 0 0
    1.00 00814 0002 00034 -1113.27689 1.00000 1.00000 0 0 0
    1.00 00815 0004 00044 -1199.08677 1.00000 1.00000 0 0 0
    1.00 00816 0004 00038 -1195.22261 1.00000 1.00000 0 0 0
    1.00 00817 0002 00035 -1265.19136 1.00000 1.00000 0 0 0
    1.00 00818 0002 00037 -1326.85347 1.00000 1.00000 0 0 0
    1.00 00819 0002 00041 -1308.61824 1.00000 1.00000 0 0 0
    1.00 00820 0003 00039 -1396.44604 1.00000 1.00000 0 0 0
    1.00 00821 0002 00036 -1380.17264 1.00000 1.00000 0 0 0
    1.00 00822 0002 00038 -1444.14263 1.00000 1.00000 0 0 0
    1.00 00823 0002 00041 -1433.89135 1.00000 1.00000 0 0 0
    1.00 00824 0002 00036 -1389.62480 1.00000 1.00000 0 0 0
    1.00 00825 0002 00036 -1355.24186 1.00000 1.00000 0 0 0
    1.00 00826 0004 00032 -1305.59947 1.00000 1.00000 0 0 0
    1.00 00827 0003 00039 -1360.43966 1.00000 1.00000 0 0 0
    1.00 00828 0002 00034 -1380.48940 1.00000 1.00000 0 0 0
    1.00 00829 0002 00030 -1380.39510 1.00000 1.00000 0 0 0
    1.00 00830 0002 00034 -1385.81648 1.00000 1.00000 0 0 0
    1.00 00831 0003 00040 -1415.03227 1.00000 1.00000 0 0 0
    1.00 00832 0002 00038 -1454.14720 1.00000 1.00000 0 0 0
    1.00 00833 0004 00042 -1494.68075 1.00000 1.00000 0 0 0
    1.00 00834 0002 00035 -1435.60606 1.00000 1.00000 0 0 0
    1.00 00835 0003 00039 -1435.78537 1.00000 1.00000 0 0 0
    1.00 00836 0002 00046 -1449.44912 1.00000 1.00000 0 0 0
    1.00 00837 0004 00044 -1473.06982 1.00000 1.00000 0 0 0
    1.00 00838 0002 00045 -1502.76707 1.00000 1.00000 0 0 0
    1.00 00839 0002 00041 -1529.91839 1.00000 1.00000 0 0 0
    1.00 00840 0002 00046 -1524.70301 1.00000 1.00000 0 0 0
    1.00 00841 0003 00040 -1445.10467 1.00000 1.00000 0 0 0
    1.00 00842 0003 00040 -1436.61564 1.00000 1.00000 0 0 0
    1.00 00843 0003 00043 -1428.21668 1.00000 1.00000 0 0 0
    1.00 00844 0002 00040 -1440.25050 1.00000 1.00000 0 0 0
    1.00 00845 0002 00045 -1440.49136 1.00000 1.00000 0 0 0
    1.00 00846 0002 00043 -1446.57909 1.00000 1.00000 0 0 0
    1.00 00847 0003 00042 -1422.43337 1.00000 1.00000 0 0 0
    1.00 00848 0003 00036 -1396.01728 1.00000 1.00000 0 0 0
    1.00 00849 0002 00033 -1282.36877 1.00000 1.00000 0 0 0
    1.00 00850 0002 00039 -1359.05080 1.00000 1.00000 0 0 0
    1.00 00851 0003 00037 -1360.23249 1.00000 1.00000 0 0 0
    1.00 00852 0003 00043 -1441.74423 1.00000 1.00000 0 0 0
    1.00 00853 0003 00042 -1474.67500 1.00000 1.00000 0 0 0
    1.00 00854 0002 00041 -1474.89168 1.00000 1.00000 0 0 0
    1.00 00855 0002 00036 -1416.75516 1.00000 1.00000 0 0 0
    1.00 00856 0002 00038 -1442.56757 1.00000 1.00000 0 0 0
    1.00 00857 0003 00041 -1415.74037 1.00000 1.00000 0 0 0
    1.00 00858 0003 00037 -1366.82845 1.00000 1.00000 0 0 0
    1.00 00859 0002 00038 -1425.94649 1.00000 1.00000 0 0 0
    1.00 00860 0002 00036 -1362.48315 1.00000 1.00000 0 0 0
    1.00 00861 0002 00039 -1404.09969 1.00000 1.00000 0 0 0
    1.00 00862 0002 00035 -1372.01440 1.00000 1.00000 0 0 0
    1.00 00863 0002 00037 -1376.64491 1.00000 1.00000 0 0 0
    1.00 00864 0004 00039 -1445.11047 1.00000 1.00000 0 0 0
    1.00 00865 0004 00037 -1458.72105 1.00000 1.00000 0 0 0
    1.00 00866 0003 00038 -1427.50404 1.00000 1.00000 0 0 0
    1.00 00867 0002 00044 -1480.75705 1.00000 1.00000 0 0 0
    1.00 00868 0002 00041 -1525.64546 1.00000 1.00000 0 0 0
    1.00 00869 0002 00039 -1489.94213 1.00000 1.00000 0 0 0
    1.00 00870 0002 00040 -1463.75778 1.00000 1.00000 0 0 0
    1.00 00871 0002 00042 -1475.28241 1.00000 1.00000 0 0 0
    1.00 00872 0003 00044 -1517.61289 1.00000 1.00000 0 0 0
    1.00 00873 0002 00044 -1526.81131 1.00000 1.00000 0 0 0
    1.00 00874 0002 00051 -1515.80849 1.00000 1.00000 0 0 0
    1.00 00875 0002 00044 -1456.44732 1.00000 1.00000 0 0 0
    1.00 00876 0002 00044 -1397.08468 1.00000 1.00000 0 0 0
    1.00 00877 0004 00041 -1423.51996 1.00000 1.00000 0 0 0
    1.00 00878 0004 00045 -1411.24110 1.00000 1.00000 0 0 0
    1.00 00879 0003 00043 -1424.90167 1.00000 1.00000 0 0 0
    1.00 00880 0002 00044 -1427.20773 1.00000 1.00000 0 0 0
    1.00 00881 0003 00046 -1415.97005 1.00000 1.00000 0 0 0
    1.00 00882 0002 00048 -1404.38099 1.00000 1.00000 0 0 0
    1.00 00883 0002 00051 -1392.70633 1.00000 1.00000 0 0 0
    1.00 00884 0002 00050 -1416.60390 1.00000 1.00000 0 0 0
    1.00 00885 0002 00044 -1340.99524 1.00000 1.00000 0 0 0
    1.00 00886 0002 00037 -1284.08840 1.00000 1.00000 0 0 0
    1.00 00887 0002 00037 -1319.90965 1.00000 1.00000 0 0 0
    1.00 00888 0002 00037 -1286.86694 1.00000 1.00000 0 0 0
    1.00 00889 0003 00038 -1334.55916 1.00000 1.00000 0 0 0
    1.00 00890 0002 00039 -1339.08684 1.00000 1.00000 0 0 0
    1.00 00891 0002 00038 -1320.95946 1.00000 1.00000 0 0 0
    1.00 00892 0003 00036 -1341.50811 1.00000 1.00000 0 0 0
    1.00 00893 0004 00035 -1339.10936 1.00000 1.00000 0 0 0
    1.00 00894 0003 00037 -1352.93547 1.00000 1.00000 0 0 0
    1.00 00895 0002 00042 -1315.06411 1.00000 1.00000 0 0 0
    1.00 00896 0002 00049 -1382.98088 1.00000 1.00000 0 0 0
    1.00 00897 0002 00049 -1424.69379 1.00000 1.00000 0 0 0
    1.00 00898 0002 00046 -1396.66296 1.00000 1.00000 0 0 0
    1.00 00899 0002 00046 -1458.26570 1.00000 1.00000 0 0 0
    1.00 00900 0003 00045 -1482.04605 1.00000 1.00000 0 0 0
    1.00 00901 0002 00042 -1483.36138 1.00000 1.00000 0 0 0
    1.00 00902 0002 00042 -1508.03712 1.00000 1.00000 0 0 0
    1.00 00903 0002 00040 -1458.17270 1.00000 1.00000 0 0 0
    1.00 00904 0002 00044 -1503.01186 1.00000 1.00000 0 0 0
    1.00 00905 0002 00047 -1485.04992 1.00000 1.00000 0 0 0
    1.00 00906 0002 00040 -1397.69980 1.00000 1.00000 0 0 0
    1.00 00907 0003 00044 -1418.61071 1.00000 1.00000 0 0 0
    1.00 00908 0002 00042 -1427.79797 1.00000 1.00000 0 0 0
    1.00 00909 0002 00039 -1389.44337 1.00000 1.00000 0 0 0
    1.00 00910 0002 00036 -1334.87189 1.00000 1.00000 0 0 0
    1.00 00911 0002 00033 -1336.15574 1.00000 1.00000 0 0 0
    1.00 00912 0004 00031 -1250.14313 1.00000 1.00000 0 0 0
    1.00 00913 0003 00031 -1200.51498 1.00000 1.00000 0 0 0
    1.00 00914 0003 00029 -1127.23617 1.00000 1.00000 0 0 0
    1.00 00915 0002 00028 -1153.95467 1.00000 1.00000 0 0 0
    1.00 00916 0002 00026 -1138.74838 1.00000 1.00000 0 0 0
    1.00 00917 0002 00027 -1174.05190 1.00000 1.00000 0 0 0
    1.00 00918 0002 00030 -1191.46237 1.00000 1.00000 0 0 0
    1.00 00919 0003 00033 -1231.49997 1.00000 1.00000 0 0 0
    1.00 00920 0002 00033 -1194.23168 1.00000 1.00000 0 0 0
    1.00 00921 0003 00031 -1256.14975 1.00000 1.00000 0 0 0
    1.00 00922 0003 00040 -1357.46628 1.00000 1.00000 0 0 0
    1.00 00923 0003 00038 -1354.98864 1.00000 1.00000 0 0 0
    1.00 00924 0002 00034 -1371.23861 1.00000 1.00000 0 0 0
    1.00 00925 0002 00040 -1399.12598 1.00000 1.00000 0 0 0
    1.00 00926 0003 00043 -1400.81612 1.00000 1.00000 0 0 0
    1.00 00927 0002 00038 -1328.59816 1.00000 1.00000 0 0 0
    1.00 00928 0003 00039 -1379.32388 1.00000 1.00000 0 0 0
    1.00 00929 0002 00034 -1363.68583 1.00000 1.00000 0 0 0
    1.00 00930 0002 00031 -1365.64643 1.00000 1.00000 0 0 0
    1.00 00931 0002 00036 -1429.94815 1.00000 1.00000 0 0 0
    1.00 00932 0004 00043 -1441.98210 1.00000 1.00000 0 0 0
    1.00 00933 0004 00042 -1531.53828 1.00000 1.00000 0 0 0
    1.00 00934 0004 00043 -1541.35719 1.00000 1.00000 0 0 0
    1.00 00935 0002 00046 -1558.40993 1.00000 1.00000 0 0 0
    1.00 00936 0002 00051 -1558.38951 1.00000 1.00000 0 0 0
    1.00 00937 0002 00048 -1539.12031 1.00000 1.00000 0 0 0
    1.00 00938 0003 00045 -1537.12119 1.00000 1.00000 0 0 0
    1.00 00939 0003 00050 -1622.36050 1.00000 1.00000 0 0 0
    1.00 00940 0003 00047 -1571.94522 1.00000 1.00000 0 0 0
    1.00 00941 0003 00050 -1554.57113 1.00000 1.00000 0 0 0
    1.00 00942 0002 00047 -1560.94723 1.00000 1.00000 0 0 0
    1.00 00943 0002 00047 -1628.83912 1.00000 1.00000 0 0 0
    1.00 00944 0003 00047 -1685.16162 1.00000 1.00000 0 0 0
    1.00 00945 0002 00047 -1694.90380 1.00000 1.00000 0 0 0
    1.00 00946 0002 00045 -1722.87835 1.00000 1.00000 0 0 0
    1.00 00947 0002 00046 -1714.19402 1.00000 1.00000 0 0 0
    1.00 00948 0002 00041 -1623.82698 1.00000 1.00000 0 0 0
    1.00 00949 0002 00037 -1596.99092 1.00000 1.00000 0 0 0
    1.00 00950 0002 00037 -1608.50389 1.00000 1.00000 0 0 0
    1.00 00951 0002 00045 -1587.25370 1.00000 1.00000 0 0 0
    1.00 00952 0003 00044 -1588.63723 1.00000 1.00000 0 0 0
    1.00 00953 0002 00041 -1601.84583 1.00000 1.00000 0 0 0
    1.00 00954 0002 00045 -1604.64924 1.00000 1.00000 0 0 0
    1.00 00955 0002 00045 -1581.55898 1.00000 1.00000 0 0 0
    1.00 00956 0002 00049 -1657.35863 1.00000 1.00000 0 0 0
    1.00 00957 0003 00047 -1600.96375 1.00000 1.00000 0 0 0
    1.00 00958 0002 00046 -1535.14465 1.00000 1.00000 0 0 0
    1.00 00959 0003 00045 -1544.58659 1.00000 1.00000 0 0 0
    1.00 00960 0002 00042 -1448.54632 1.00000 1.00000 0 0 0
    1.00 00961 0002 00040 -1352.83004 1.00000 1.00000 0 0 0
    1.00 00962 0002 00039 -1322.82342 1.00000 1.00000 0 0 0
    1.00 00963 0002 00035 -1333.63408 1.00000 1.00000 0 0 0
    1.00 00964 0002 00036 -1318.33439 1.00000 1.00000 0 0 0
    1.00 00965 0003 00038 -1348.48139 1.00000 1.00000 0 0 0
    1.00 00966 0004 00040 -1403.16619 1.00000 1.00000 0 0 0
    1.00 00967 0004 00046 -1458.11705 1.00000 1.00000 0 0 0
    1.00 00968 0003 00043 -1463.23939 1.00000 1.00000 0 0 0
    1.00 00969 0002 00039 -1394.26929 1.00000 1.00000 0 0 0
    1.00 00970 0003 00043 -1407.92598 1.00000 1.00000 0 0 0
    1.00 00971 0002 00047 -1409.51374 1.00000 1.00000 0 0 0
    1.00 00972 0002 00041 -1451.91688 1.00000 1.00000 0 0 0
    1.00 00973 0003 00045 -1493.73285 1.00000 1.00000 0 0 0
    1.00 00974 0003 00043 -1514.12392 1.00000 1.00000 0 0 0
    1.00 00975 0002 00046 -1562.17807 1.00000 1.00000 0 0 0
    1.00 00976 0003 00052 -1624.82283 1.00000 1.00000 0 0 0
    1.00 00977 0002 00048 -1604.72538 1.00000 1.00000 0 0 0
    1.00 00978 0002 00045 -1592.78758 1.00000 1.00000 0 0 0
    1.00 00979 0002 00047 -1602.42133 1.00000 1.00000 0 0 0
    1.00 00980 0002 00044 -1570.89227 1.00000 1.00000 0 0 0
    1.00 00981 0002 00044 -1453.14378 1.00000 1.00000 0 0 0
    1.00 00982 0002 00039 -1466.99067 1.00000 1.00000 0 0 0
    1.00 00983 0002 00040 -1448.64376 1.00000 1.00000 0 0 0
    1.00 00984 0002 00039 -1541.63425 1.00000 1.00000 0 0 0
    1.00 00985 0002 00039 -1526.60888 1.00000 1.00000 0 0 0
    1.00 00986 0002 00041 -1478.88025 1.00000 1.00000 0 0 0
    1.00 00987 0002 00044 -1511.63788 1.00000 1.00000 0 0 0
    1.00 00988 0002 00046 -1470.26412 1.00000 1.00000 0 0 0
    1.00 00989 0002 00049 -1481.81958 1.00000 1.00000 0 0 0
    1.00 00990 0002 00047 -1502.59150 1.00000 1.00000 0 0 0
    1.00 00991 0002 00044 -1468.98983 1.00000 1.00000 0 0 0
    1.00 00992 0002 00046 -1503.53739 1.00000 1.00000 0 0 0
    1.00 00993 0002 00042 -1429.31810 1.00000 1.00000 0 0 0
    1.00 00994 0002 00041 -1378.54359 1.00000 1.00000 0 0 0
    2.00 00995 0002 00039 -1352.47456 1.00000 1.00000 0 0 0
    2.00 00996 0002 00043 -1327.48561 1.00000 1.00000 0 0 0
    2.00 00997 0002 00040 -1328.58249 1.00000 1.00000 0 0 0
    2.00 00998 0002 00039 -1386.86129 1.00000 1.00000 0 0 0
    2.00 00999 0002 00039 -1437.74492 1.00000 1.00000 0 0 0
